Base path: C:/Program Files/Unity/Hub/Editor/2019.1.0f2/Editor/Data
Cmd: initializeCompiler
Cmd: disassembleShader
  api=4 insize=2470 outsize=4146 ok=1
Cmd: disassembleShader
  api=4 insize=2278 outsize=3924 ok=1
Cmd: disassembleShader
  api=4 insize=2022 outsize=3639 ok=1
Cmd: disassembleShader
  api=4 insize=618 outsize=1527 ok=1
Cmd: disassembleShader
  api=4 insize=1822 outsize=3190 ok=1
Cmd: disassembleShader
  api=4 insize=1226 outsize=2555 ok=1
Cmd: disassembleShader
  api=4 insize=2326 outsize=3960 ok=1
Cmd: disassembleShader
  api=4 insize=1754 outsize=3065 ok=1
Cmd: disassembleShader
  api=4 insize=2022 outsize=3639 ok=1
Cmd: disassembleShader
  api=4 insize=618 outsize=1527 ok=1
Cmd: disassembleShader
  api=4 insize=2470 outsize=4146 ok=1
Cmd: disassembleShader
  api=4 insize=1202 outsize=2528 ok=1
Cmd: disassembleShader
  api=4 insize=2042 outsize=3554 ok=1
Cmd: disassembleShader
  api=4 insize=3178 outsize=5145 ok=1
Cmd: disassembleShader
  api=4 insize=2022 outsize=3639 ok=1
Cmd: disassembleShader
  api=4 insize=594 outsize=1500 ok=1
Cmd: disassembleShader
  api=4 insize=1226 outsize=2555 ok=1
Cmd: disassembleShader
  api=4 insize=2470 outsize=4146 ok=1
Cmd: disassembleShader
  api=4 insize=2278 outsize=3924 ok=1
Cmd: disassembleShader
  api=4 insize=850 outsize=1780 ok=1
Cmd: disassembleShader
  api=4 insize=2022 outsize=3639 ok=1
Cmd: disassembleShader
  api=4 insize=618 outsize=1527 ok=1
Cmd: disassembleShader
  api=4 insize=1822 outsize=3190 ok=1
Cmd: disassembleShader
  api=4 insize=1226 outsize=2555 ok=1
Cmd: compileSnippet
  api=4 type=0 insize=1454 outsize=2854 kw=UNITY_PASS_FORWARDADD SPOT SHADOWS_DEPTH _NORMALMAP _PARALLAXMAP pd=UNITY_ENABLE_REFLECTION_BUFFERS UNITY_USE_DITHER_MASK_FOR_ALPHABLENDED_SHADOWS UNITY_PBS_USE_BRDF1 UNITY_SPECCUBE_BOX_PROJECTION UNITY_SPECCUBE_BLENDING UNITY_ENABLE_DETAIL_NORMALMAP SHADER_API_DESKTOP UNITY_COLORSPACE_GAMMA UNITY_LIGHT_PROBE_PROXY_VOLUME UNITY_LIGHTMAP_FULL_HDR ok=1
