"Start of log file."
"C:/Users/A/DOCUME~1/GitHub/CitrusX/CitrusX/Assets/CHESS_~1.MAX"
"Starting max loading and fbx conversion"
window = undefined
"Settings units"
"Before fbx export"
"After fbx export"
"Finished max loading and fbx conversion"
"C:/Users/A/DOCUME~1/GitHub/CitrusX/CitrusX/Assets/CHESS_~1.MAX"
"Starting max loading and fbx conversion"
window = undefined
"Settings units"
"Before fbx export"
"After fbx export"
"Finished max loading and fbx conversion"
"C:/Users/A/DOCUME~1/GitHub/CitrusX/CitrusX/Assets/CHESS_~1.MAX"
"Starting max loading and fbx conversion"
window = undefined
"Settings units"
"Before fbx export"
"After fbx export"
"Finished max loading and fbx conversion"
"C:/Users/A/DOCUME~1/GitHub/CitrusX/CitrusX/Assets/CHESS_~1.MAX"
"Starting max loading and fbx conversion"
window = undefined
"Settings units"
"Before fbx export"
"After fbx export"
"Finished max loading and fbx conversion"
"C:/Users/A/DOCUME~1/GitHub/CitrusX/CitrusX/Assets/CHESS_~1.MAX"
"Starting max loading and fbx conversion"
window = undefined
"Settings units"
"Before fbx export"
"After fbx export"
"Finished max loading and fbx conversion"
"C:/Users/A/DOCUME~1/GitHub/CitrusX/CitrusX/Assets/CHESS_~1.MAX"
"Starting max loading and fbx conversion"
window = undefined
"Settings units"
"Before fbx export"
"After fbx export"
"Finished max loading and fbx conversion"
"C:/Users/A/DOCUME~1/GitHub/CitrusX/CitrusX/Assets/CHESS_~1.MAX"
"Starting max loading and fbx conversion"
window = undefined
"Settings units"
"Before fbx export"
"After fbx export"
"Finished max loading and fbx conversion"
"C:/Users/A/DOCUME~1/GitHub/CitrusX/CitrusX/Assets/CHESS_~1.MAX"
"Starting max loading and fbx conversion"
window = undefined
"Settings units"
"Before fbx export"
"After fbx export"
"Finished max loading and fbx conversion"
"C:/Users/A/DOCUME~1/GitHub/CitrusX/CitrusX/Assets/CHESS_~1.MAX"
"Starting max loading and fbx conversion"
window = undefined
"Settings units"
"Before fbx export"
"After fbx export"
"Finished max loading and fbx conversion"
"C:/Users/A/DOCUME~1/GitHub/CitrusX/CitrusX/Assets/CHESSS~1.MAX"
"Starting max loading and fbx conversion"
window = undefined
"Settings units"
"Before fbx export"
"After fbx export"
"Finished max loading and fbx conversion"
"C:/Users/A/DOCUME~1/GitHub/CitrusX/CitrusX/Assets/CHESSS~1.MAX"
"Starting max loading and fbx conversion"
window = undefined
"Settings units"
"Before fbx export"
"After fbx export"
"Finished max loading and fbx conversion"
"C:/Users/A/DOCUME~1/GitHub/CitrusX/CitrusX/Assets/Art/3D/CHESS_~1.MAX"
"Starting max loading and fbx conversion"
window = undefined
"Settings units"
"Before fbx export"
"After fbx export"
"Finished max loading and fbx conversion"
